<?xml version="1.0" encoding="UTF-8"?>
<testng-results ignored="1" total="1" passed="0" failed="0" skipped="0">
  <reporter-output>
  </reporter-output>
  <suite started-at="2023-08-07T05:31:11 PDT" name="Default suite" finished-at="2023-08-07T05:31:11 PDT" duration-ms="95">
    <groups>
    </groups>
    <test started-at="2023-08-07T05:31:11 PDT" name="Default test" finished-at="2023-08-07T05:31:11 PDT" duration-ms="95">
      <class name="com.testNG.DemoTest">
        <test-method is-config="true" signature="browserLaunch()[pri:0, instance:com.testNG.DemoTest@59474f18]" started-at="2023-08-07T05:31:11 PDT" name="browserLaunch" finished-at="2023-08-07T05:31:11 PDT" duration-ms="37" status="PASS">
          <reporter-output>
          </reporter-output>
        </test-method> <!-- browserLaunch -->
        <test-method is-config="true" signature="close()[pri:0, instance:com.testNG.DemoTest@59474f18]" started-at="2023-08-07T05:31:11 PDT" name="close" finished-at="2023-08-07T05:31:11 PDT" duration-ms="1" status="PASS">
          <reporter-output>
          </reporter-output>
        </test-method> <!-- close -->
      </class> <!-- com.testNG.DemoTest -->
    </test> <!-- Default test -->
  </suite> <!-- Default suite -->
</testng-results>
