<?xml version="1.0" encoding="UTF-8"?>
<testng-results ignored="1" total="2" passed="1" failed="0" skipped="0">
  <reporter-output>
  </reporter-output>
  <suite started-at="2023-08-07T05:32:07 PDT" name="Default suite" finished-at="2023-08-07T05:32:07 PDT" duration-ms="245">
    <groups>
    </groups>
    <test started-at="2023-08-07T05:32:07 PDT" name="Default test" finished-at="2023-08-07T05:32:07 PDT" duration-ms="245">
      <class name="com.testNG.DemoTest">
        <test-method is-config="true" signature="browserLaunch()[pri:0, instance:com.testNG.DemoTest@59474f18]" started-at="2023-08-07T05:32:07 PDT" name="browserLaunch" finished-at="2023-08-07T05:32:07 PDT" duration-ms="43" status="PASS">
          <reporter-output>
          </reporter-output>
        </test-method> <!-- browserLaunch -->
        <test-method is-config="true" signature="browserSetup()[pri:0, instance:com.testNG.DemoTest@59474f18]" started-at="2023-08-07T05:32:07 PDT" name="browserSetup" finished-at="2023-08-07T05:32:07 PDT" duration-ms="1" status="PASS">
          <reporter-output>
          </reporter-output>
        </test-method> <!-- browserSetup -->
        <test-method is-config="true" signature="url()[pri:0, instance:com.testNG.DemoTest@59474f18]" started-at="2023-08-07T05:32:07 PDT" name="url" finished-at="2023-08-07T05:32:07 PDT" duration-ms="1" status="PASS">
          <reporter-output>
          </reporter-output>
        </test-method> <!-- url -->
        <test-method is-config="true" signature="SignIn()[pri:0, instance:com.testNG.DemoTest@59474f18]" started-at="2023-08-07T05:32:07 PDT" name="SignIn" finished-at="2023-08-07T05:32:07 PDT" duration-ms="7" status="PASS">
          <reporter-output>
          </reporter-output>
        </test-method> <!-- SignIn -->
        <test-method signature="ignore()[pri:0, instance:com.testNG.DemoTest@59474f18]" started-at="2023-08-07T05:32:07 PDT" name="ignore" finished-at="2023-08-07T05:32:07 PDT" duration-ms="32" status="PASS">
          <reporter-output>
          </reporter-output>
        </test-method> <!-- ignore -->
        <test-method is-config="true" signature="logout()[pri:0, instance:com.testNG.DemoTest@59474f18]" started-at="2023-08-07T05:32:07 PDT" name="logout" finished-at="2023-08-07T05:32:07 PDT" duration-ms="5" status="PASS">
          <reporter-output>
          </reporter-output>
        </test-method> <!-- logout -->
        <test-method is-config="true" signature="quit()[pri:0, instance:com.testNG.DemoTest@59474f18]" started-at="2023-08-07T05:32:07 PDT" name="quit" finished-at="2023-08-07T05:32:07 PDT" duration-ms="1" status="PASS">
          <reporter-output>
          </reporter-output>
        </test-method> <!-- quit -->
        <test-method is-config="true" signature="close()[pri:0, instance:com.testNG.DemoTest@59474f18]" started-at="2023-08-07T05:32:07 PDT" name="close" finished-at="2023-08-07T05:32:07 PDT" duration-ms="10" status="PASS">
          <reporter-output>
          </reporter-output>
        </test-method> <!-- close -->
      </class> <!-- com.testNG.DemoTest -->
    </test> <!-- Default test -->
  </suite> <!-- Default suite -->
</testng-results>
